[debug] [2021-03-31T13:21:11.290Z] ----------------------------------------------------------------------
[debug] [2021-03-31T13:21:11.292Z] Command:       C:\Program Files\nodejs\node.exe C:\Users\wife\AppData\Roaming\npm\node_modules\firebase-tools\lib\bin\firebase.js deploy
[debug] [2021-03-31T13:21:11.293Z] CLI Version:   9.8.0
[debug] [2021-03-31T13:21:11.293Z] Platform:      win32
[debug] [2021-03-31T13:21:11.293Z] Node Version:  v14.15.0
[debug] [2021-03-31T13:21:11.308Z] Time:          Wed Mar 31 2021 20:21:11 GMT+0700 (Indochina Time)
[debug] [2021-03-31T13:21:11.308Z] ----------------------------------------------------------------------
[debug] 
[debug] [2021-03-31T13:21:11.312Z] >>> [apiv2][query] GET https://firebase-public.firebaseio.com/cli.json [none]
[debug] [2021-03-31T13:21:11.339Z] > command requires scopes: ["email","openid","https://www.googleapis.com/auth/cloudplatformprojects.readonly","https://www.googleapis.com/auth/firebase","https://www.googleapis.com/auth/cloud-platform"]
[debug] [2021-03-31T13:21:11.340Z] > authorizing via signed-in user
[debug] [2021-03-31T13:21:11.340Z] [iam] checking project mycv-cbd69 for permissions ["firebase.projects.get","firebasehosting.sites.update"]
[debug] [2021-03-31T13:21:11.342Z] > refreshing access token with scopes: ["email","https://www.googleapis.com/auth/cloud-platform","https://www.googleapis.com/auth/cloudplatformprojects.readonly","https://www.googleapis.com/auth/firebase","openid"]
[debug] [2021-03-31T13:21:11.342Z] >>> HTTP REQUEST POST https://www.googleapis.com/oauth2/v3/token  
 <request body omitted>
[debug] [2021-03-31T13:21:11.725Z] <<< HTTP RESPONSE 200 {"pragma":"no-cache","date":"Wed, 31 Mar 2021 13:21:11 GMT","expires":"Mon, 01 Jan 1990 00:00:00 GMT","cache-control":"no-cache, no-store, max-age=0, must-revalidate","content-type":"application/json; charset=utf-8","vary":"X-Origin, Referer, Origin,Accept-Encoding","server":"scaffolding on HTTPServer2","x-xss-protection":"0","x-frame-options":"SAMEORIGIN","x-content-type-options":"nosniff","alt-svc":"h3-29=\":443\"; ma=2592000,h3-T051=\":443\"; ma=2592000,h3-Q050=\":443\"; ma=2592000,h3-Q046=\":443\"; ma=2592000,h3-Q043=\":443\"; ma=2592000,quic=\":443\"; ma=2592000; v=\"46,43\"","accept-ranges":"none","transfer-encoding":"chunked"}
[debug] [2021-03-31T13:21:11.735Z] >>> HTTP REQUEST POST https://cloudresourcemanager.googleapis.com/v1/projects/mycv-cbd69:testIamPermissions  
 {"permissions":["firebase.projects.get","firebasehosting.sites.update"]}
[debug] [2021-03-31T13:21:12.133Z] <<< [apiv2][status] GET https://firebase-public.firebaseio.com/cli.json 200
[debug] [2021-03-31T13:21:12.133Z] <<< [apiv2][body] GET https://firebase-public.firebaseio.com/cli.json {"cloudBuildErrorAfter":1594252800000,"cloudBuildWarnAfter":1590019200000,"defaultNode10After":1594252800000,"minVersion":"3.0.5","node8DeploysDisabledAfter":1613390400000,"node8RuntimeDisabledAfter":1615809600000,"node8WarnAfter":1600128000000}
[debug] [2021-03-31T13:21:12.960Z] <<< HTTP RESPONSE 200 {"content-type":"application/json; charset=UTF-8","vary":"X-Origin, Referer, Origin,Accept-Encoding","date":"Wed, 31 Mar 2021 13:21:12 GMT","server":"ESF","cache-control":"private","x-xss-protection":"0","x-frame-options":"SAMEORIGIN","x-content-type-options":"nosniff","server-timing":"gfet4t7; dur=922","alt-svc":"h3-29=\":443\"; ma=2592000,h3-T051=\":443\"; ma=2592000,h3-Q050=\":443\"; ma=2592000,h3-Q046=\":443\"; ma=2592000,h3-Q043=\":443\"; ma=2592000,quic=\":443\"; ma=2592000; v=\"46,43\"","accept-ranges":"none","transfer-encoding":"chunked"}
[debug] [2021-03-31T13:21:12.961Z] [iam] error while checking permissions, command may fail: FirebaseError: Authorization failed. This account is missing the following required permissions on project mycv-cbd69:

  firebase.projects.get
  firebasehosting.sites.update
[debug] [2021-03-31T13:21:12.961Z] > refreshing access token with scopes: []
[debug] [2021-03-31T13:21:12.961Z] >>> HTTP REQUEST POST https://www.googleapis.com/oauth2/v3/token  
 <request body omitted>
[debug] [2021-03-31T13:21:13.215Z] <<< HTTP RESPONSE 200 {"date":"Wed, 31 Mar 2021 13:21:13 GMT","pragma":"no-cache","cache-control":"no-cache, no-store, max-age=0, must-revalidate","expires":"Mon, 01 Jan 1990 00:00:00 GMT","content-type":"application/json; charset=utf-8","vary":"X-Origin, Referer, Origin,Accept-Encoding","server":"scaffolding on HTTPServer2","x-xss-protection":"0","x-frame-options":"SAMEORIGIN","x-content-type-options":"nosniff","alt-svc":"h3-29=\":443\"; ma=2592000,h3-T051=\":443\"; ma=2592000,h3-Q050=\":443\"; ma=2592000,h3-Q046=\":443\"; ma=2592000,h3-Q043=\":443\"; ma=2592000,quic=\":443\"; ma=2592000; v=\"46,43\"","accept-ranges":"none","transfer-encoding":"chunked"}
[debug] [2021-03-31T13:21:13.220Z] >>> [apiv2][query] GET https://firebase.googleapis.com/v1beta1/projects/mycv-cbd69 [none]
[debug] [2021-03-31T13:21:13.881Z] <<< [apiv2][status] GET https://firebase.googleapis.com/v1beta1/projects/mycv-cbd69 403
[debug] [2021-03-31T13:21:13.882Z] <<< [apiv2][body] GET https://firebase.googleapis.com/v1beta1/projects/mycv-cbd69 {"error":{"code":403,"message":"The caller does not have permission","status":"PERMISSION_DENIED"}}
[debug] [2021-03-31T13:21:13.882Z] HTTP Error: 403, The caller does not have permission
[debug] [2021-03-31T13:21:14.196Z] FirebaseError: HTTP Error: 403, The caller does not have permission
    at module.exports (C:\Users\wife\AppData\Roaming\npm\node_modules\firebase-tools\lib\responseToError.js:38:12)
    at Client.doRequest (C:\Users\wife\AppData\Roaming\npm\node_modules\firebase-tools\lib\apiv2.js:238:23)
    at processTicksAndRejections (internal/process/task_queues.js:93:5)
    at async Client.request (C:\Users\wife\AppData\Roaming\npm\node_modules\firebase-tools\lib\apiv2.js:96:20)
    at async Object.getFirebaseProject (C:\Users\wife\AppData\Roaming\npm\node_modules\firebase-tools\lib\management\projects.js:289:21)
    at async Object.getDefaultHostingSite (C:\Users\wife\AppData\Roaming\npm\node_modules\firebase-tools\lib\getDefaultHostingSite.js:8:21)
    at async requireHostingSite (C:\Users\wife\AppData\Roaming\npm\node_modules\firebase-tools\lib\requireHostingSite.js:9:18)
    at async Object.fn (C:\Users\wife\AppData\Roaming\npm\node_modules\firebase-tools\lib\commands\deploy.js:66:9)
    at async C:\Users\wife\AppData\Roaming\npm\node_modules\firebase-tools\lib\command.js:161:17
[error] 
[error] Error: Failed to get Firebase project mycv-cbd69. Please make sure the project exists and your account has permission to access it.
